<?xml version="1.0" encoding="UTF-8"?>
<!-- Generated by org.testng.reporters.JUnitReportReporter -->
<testsuite hostname="ADMIN" failures="0" tests="1" name="Parameters.QueryParanmeters" time="5.545" errors="0" timestamp="2022-07-08T16:57:49 IST" skipped="0">
  <testcase classname="Parameters.QueryParanmeters" name="queryparam" time="5.545"/>
  <system-out/>
</testsuite> <!-- Parameters.QueryParanmeters -->
