<?xml version="1.0" encoding="UTF-8"?>
<!-- Generated by org.testng.reporters.JUnitReportReporter -->
<testsuite hostname="ADMIN" failures="0" tests="1" name="DifferentWaysToPost.CreateProjectUsingJsonObj" time="4.682" errors="0" timestamp="2022-07-08T09:53:03 IST" skipped="0">
  <testcase classname="DifferentWaysToPost.CreateProjectUsingJsonObj" name="createProUsingJsonObj" time="4.682"/>
  <system-out/>
</testsuite> <!-- DifferentWaysToPost.CreateProjectUsingJsonObj -->
