<?xml version="1.0" encoding="UTF-8"?>
<!-- Generated by org.testng.reporters.JUnitReportReporter -->
<testsuite hostname="ADMIN" failures="0" tests="1" name="CRUDOperationWithBDD.UpdateProject" time="3.123" errors="0" timestamp="2022-07-07T17:09:25 IST" skipped="0">
  <testcase classname="CRUDOperationWithBDD.UpdateProject" name="updateproject" time="3.123"/>
  <system-out/>
</testsuite> <!-- CRUDOperationWithBDD.UpdateProject -->
