<?xml version="1.0" encoding="UTF-8"?>
<!-- Generated by org.testng.reporters.JUnitReportReporter -->
<testsuite hostname="ADMIN" failures="0" tests="1" name="CrudOperationWithBDD.UpdateTest" time="2.877" errors="0" timestamp="07 Jul 2022 09:46:11 GMT" skipped="0">
  <testcase classname="CrudOperationWithBDD.UpdateTest" name="updatetest" time="2.877"/>
</testsuite> <!-- CrudOperationWithBDD.UpdateTest -->
