<?xml version="1.0" encoding="UTF-8"?>
<!-- Generated by org.testng.reporters.JUnitReportReporter -->
<testsuite hostname="ADMIN" failures="0" tests="3" name="Authentication.BasicAuth" time="3.857" errors="0" timestamp="2022-07-11T12:23:02 IST" skipped="0">
  <testcase classname="Authentication.BasicAuth" name="premitiveAuthTest" time="0.464"/>
  <system-out/>
  <testcase classname="Authentication.BasicAuth" name="basicauthTest" time="3.015"/>
  <system-out/>
  <testcase classname="Authentication.BasicAuth" name="disetiveAuthTest" time="0.378"/>
  <system-out/>
</testsuite> <!-- Authentication.BasicAuth -->
