<?xml version="1.0" encoding="UTF-8"?>
<!-- Generated by org.testng.reporters.JUnitReportReporter -->
<testsuite hostname="ADMIN" failures="0" tests="1" name="CRUDOperationWithBDD.DeleteProject" time="2.773" errors="0" timestamp="2022-07-07T17:16:58 IST" skipped="0">
  <testcase classname="CRUDOperationWithBDD.DeleteProject" name="deleteproject" time="2.773"/>
  <system-out/>
</testsuite> <!-- CRUDOperationWithBDD.DeleteProject -->
