<?xml version="1.0" encoding="UTF-8"?>
<!-- Generated by org.testng.reporters.JUnitReportReporter -->
<testsuite hostname="ADMIN" failures="0" tests="1" name="RequestChaning.CreateProjectPost" time="5.119" errors="0" timestamp="2022-07-08T17:33:15 IST" skipped="0">
  <testcase classname="RequestChaning.CreateProjectPost" name="reqprojectpost" time="5.119"/>
  <system-out/>
</testsuite> <!-- RequestChaning.CreateProjectPost -->
