<?xml version="1.0" encoding="UTF-8"?>
<!-- Generated by org.testng.reporters.JUnitReportReporter -->
<testsuite hostname="ADMIN" failures="0" tests="1" name="CrudOperationWithBDD.DeleteTest" time="2.620" errors="0" timestamp="07 Jul 2022 09:50:51 GMT" skipped="0">
  <testcase classname="CrudOperationWithBDD.DeleteTest" name="deletetest" time="2.620"/>
</testsuite> <!-- CrudOperationWithBDD.DeleteTest -->
