<?xml version="1.0" encoding="UTF-8"?>
<!-- Generated by org.testng.reporters.JUnitReportReporter -->
<testsuite hostname="ADMIN" failures="0" tests="1" name="DifferentWaysToPost.CreateProjectUsingJsonFile" time="2.766" errors="0" timestamp="2022-07-08T09:55:40 IST" skipped="0">
  <testcase classname="DifferentWaysToPost.CreateProjectUsingJsonFile" name="usingJsonFile" time="2.766"/>
  <system-out/>
</testsuite> <!-- DifferentWaysToPost.CreateProjectUsingJsonFile -->
