<?xml version="1.0" encoding="UTF-8"?>
<!-- Generated by org.testng.reporters.JUnitReportReporter -->
<testsuite hostname="ADMIN" failures="0" tests="1" name="ResponceValidation.StaticResponceValidation" time="3.950" errors="0" timestamp="2022-07-08T14:40:56 IST" skipped="0">
  <testcase classname="ResponceValidation.StaticResponceValidation" name="staticresponse" time="3.950"/>
  <system-out/>
</testsuite> <!-- ResponceValidation.StaticResponceValidation -->
