<?xml version="1.0" encoding="UTF-8"?>
<!-- Generated by org.testng.reporters.JUnitReportReporter -->
<testsuite hostname="ADMIN" failures="0" tests="1" name="Parameters.PathParameters" time="30.230" errors="0" timestamp="2022-07-09T18:33:13 IST" skipped="0">
  <testcase classname="Parameters.PathParameters" name="pathparam" time="30.230"/>
  <system-out/>
</testsuite> <!-- Parameters.PathParameters -->
