<?xml version="1.0" encoding="UTF-8"?>
<!-- Generated by org.testng.reporters.JUnitReportReporter -->
<testsuite hostname="ADMIN" failures="0" tests="1" name="Authentication.Oauth2" time="4.743" errors="0" timestamp="2022-07-11T16:30:17 IST" skipped="0">
  <testcase classname="Authentication.Oauth2" name="oauth2Test" time="4.743"/>
  <system-out>
    <![CDATA[ce23f862e0c0123a08d448f13787637bad1dfaa9]]>
  </system-out>
</testsuite> <!-- Authentication.Oauth2 -->
