<?xml version="1.0" encoding="UTF-8"?>
<!-- Generated by org.testng.reporters.JUnitReportReporter -->
<testsuite hostname="ADMIN" failures="0" tests="1" name="CRUDOperationWithBDD.ReadProject" time="2.810" errors="0" timestamp="2022-07-07T16:44:28 IST" skipped="0">
  <testcase classname="CRUDOperationWithBDD.ReadProject" name="getProject" time="2.810"/>
  <system-out/>
</testsuite> <!-- CRUDOperationWithBDD.ReadProject -->
