<?xml version="1.0" encoding="UTF-8"?>
<!-- Generated by org.testng.reporters.JUnitReportReporter -->
<testsuite hostname="ADMIN" failures="0" tests="1" name="DifferentWaysToPost.CreateProjectUsingHashMap" time="3.215" errors="0" timestamp="2022-07-08T10:04:27 IST" skipped="0">
  <testcase classname="DifferentWaysToPost.CreateProjectUsingHashMap" name="usingHashmap" time="3.215"/>
  <system-out/>
</testsuite> <!-- DifferentWaysToPost.CreateProjectUsingHashMap -->
