<?xml version="1.0" encoding="UTF-8"?>
<!-- Generated by org.testng.reporters.JUnitReportReporter -->
<testsuite hostname="ADMIN" failures="0" tests="1" name="CrudOperationWithBDD.ReadTest" time="2.561" errors="0" timestamp="07 Jul 2022 10:09:39 GMT" skipped="0">
  <testcase classname="CrudOperationWithBDD.ReadTest" name="getTest" time="2.561"/>
</testsuite> <!-- CrudOperationWithBDD.ReadTest -->
