<?xml version="1.0" encoding="UTF-8"?>
<!-- Generated by org.testng.reporters.JUnitReportReporter -->
<testsuite hostname="ADMIN" failures="0" tests="1" name="CrudOperationWithBDD.CreateTest" time="3.001" errors="0" timestamp="07 Jul 2022 10:09:51 GMT" skipped="0">
  <testcase classname="CrudOperationWithBDD.CreateTest" name="testPost" time="3.001"/>
</testsuite> <!-- CrudOperationWithBDD.CreateTest -->
