<?xml version="1.0" encoding="UTF-8"?>
<!-- Generated by org.testng.reporters.JUnitReportReporter -->
<testsuite hostname="ADMIN" failures="0" tests="1" name="UsingForGet.ProjectControllerUpdate" time="19.383" errors="0" timestamp="2022-07-08T11:53:34 IST" skipped="0">
  <testcase classname="UsingForGet.ProjectControllerUpdate" name="usingPojoForUpdate" time="19.383"/>
  <system-out/>
</testsuite> <!-- UsingForGet.ProjectControllerUpdate -->
