<?xml version="1.0" encoding="UTF-8"?>
<!-- Generated by org.testng.reporters.JUnitReportReporter -->
<testsuite hostname="ADMIN" failures="0" tests="1" name="UsingForGet.ProjectControllerForGet" time="2.961" errors="0" timestamp="2022-07-08T16:52:40 IST" skipped="0">
  <testcase classname="UsingForGet.ProjectControllerForGet" name="usingPojoForGet" time="2.961"/>
  <system-out/>
</testsuite> <!-- UsingForGet.ProjectControllerForGet -->
