<?xml version="1.0" encoding="UTF-8"?>
<!-- Generated by org.testng.reporters.JUnitReportReporter -->
<testsuite hostname="ADMIN" failures="0" tests="1" name="DifferentWaysToPost.CreateProjectUsingPojo" time="25.829" errors="0" timestamp="2022-07-08T11:19:55 IST" skipped="0">
  <testcase classname="DifferentWaysToPost.CreateProjectUsingPojo" name="usingpojo" time="25.829"/>
  <system-out/>
</testsuite> <!-- DifferentWaysToPost.CreateProjectUsingPojo -->
