<?xml version="1.0" encoding="UTF-8"?>
<!-- Generated by org.testng.reporters.JUnitReportReporter -->
<testsuite hostname="ADMIN" failures="0" tests="3" name="Runner.Runner" time="0.320" errors="3" timestamp="2022-07-22T15:31:50 IST" skipped="0">
  <testcase classname="Runner.Runner" name="runScenario" time="0.228">
    <error message="Cannot invoke &quot;org.openqa.selenium.WebDriver.findElement(org.openqa.selenium.By)&quot; because &quot;this.driver&quot; is null" type="java.lang.NullPointerException">
      <![CDATA[java.lang.NullPointerException: Cannot invoke "org.openqa.selenium.WebDriver.findElement(org.openqa.selenium.By)" because "this.driver" is null
at Step_DefinationFile.CreateOrganization.in_login_page_i_will_enter_username_and_password_and_click_on_login_button(CreateOrganization.java:36)
at ✽.In login page I will enter username "admin" and password "admin" and click on login button(file:///E:/Eclipes%20workspaces/Selenium%20Worksapces/Worspaces1/TyssCucumber/./src/test/java/Features/CreateOrganizatio.feature:10)
]]>
    </error>
  </testcase> <!-- runScenario -->
  <system-out/>
  <testcase classname="Runner.Runner" name="runScenario" time="0.060">
    <error message="Cannot invoke &quot;org.openqa.selenium.WebDriver.findElement(org.openqa.selenium.By)&quot; because &quot;this.driver&quot; is null" type="java.lang.NullPointerException">
      <![CDATA[java.lang.NullPointerException: Cannot invoke "org.openqa.selenium.WebDriver.findElement(org.openqa.selenium.By)" because "this.driver" is null
at Step_DefinationFile.CreateOrganization.in_login_page_enter_username_and_password_and_click_on_login_button(CreateOrganization.java:89)
at ✽.In Login page enter username "admin" and password "admin" and click on login button(file:///E:/Eclipes%20workspaces/Selenium%20Worksapces/Worspaces1/TyssCucumber/./src/test/java/Features/CreateOrganizatio.feature:18)
]]>
    </error>
  </testcase> <!-- runScenario -->
  <system-out/>
  <testcase classname="Runner.Runner" name="runScenario" time="0.032">
    <error message="Cannot invoke &quot;org.openqa.selenium.WebDriver.findElement(org.openqa.selenium.By)&quot; because &quot;this.driver&quot; is null" type="java.lang.NullPointerException">
      <![CDATA[java.lang.NullPointerException: Cannot invoke "org.openqa.selenium.WebDriver.findElement(org.openqa.selenium.By)" because "this.driver" is null
at Step_DefinationFile.CreateOrganization.in_login_page_enter_username_and_password_and_click_on_login_button(CreateOrganization.java:89)
at ✽.In Login page enter username "admin" and password "admin" and click on login button(file:///E:/Eclipes%20workspaces/Selenium%20Worksapces/Worspaces1/TyssCucumber/./src/test/java/Features/CreateOrganizatio.feature:18)
]]>
    </error>
  </testcase> <!-- runScenario -->
  <system-out/>
</testsuite> <!-- Runner.Runner -->
